2023-03-09 16:44:03,270 : INFO : test_invalid_login : ***** Verifying Login Test *****
2023-03-09 16:45:58,763 : INFO : test_invalid_login : ***** Verifying Login Test *****
2023-03-09 16:47:02,094 : INFO : test_invalid_login : ***** Verifying Login Test *****
2023-03-09 16:48:09,915 : INFO : test_invalid_login : ***** Verifying Login Test *****
2023-03-09 16:50:41,722 : INFO : test_invalid_login : ***** Verifying Login Test *****
2023-03-09 16:52:02,140 : INFO : test_invalid_login : ***** Verifying Login Test *****
2023-03-09 16:52:39,741 : INFO : test_invalid_login : ***** Verifying Login Test *****
2023-03-09 16:53:25,306 : INFO : test_invalid_login : ***** Verifying Login Test *****
2023-03-09 16:53:26,174 : INFO : test_invalid_login : ***** Login test is passed *****
2023-03-09 16:53:43,727 : INFO : test_invalid_login : ***** Verifying Login Test *****
2023-03-09 16:54:12,218 : INFO : test_invalid_login : ***** Verifying Login Test *****
2023-03-09 16:54:12,842 : INFO : test_invalid_login : ***** Login test is passed *****
2023-03-09 16:59:42,006 : INFO : test_invalid_login : ***** Verifying Login Test *****
2023-03-09 17:01:24,123 : INFO : test_invalid_login : ***** Verifying Login Test *****
2023-03-09 17:02:33,863 : INFO : test_invalid_login : ***** Verifying Login Test *****
2023-03-09 17:02:35,771 : INFO : test_invalid_login : ***** Login test is passed *****
2023-03-09 17:07:48,667 : INFO : test_invalid_login : ***** Verifying Invalid Login Test *****
2023-03-09 17:09:43,304 : INFO : test_invalid_login : ***** Verifying Invalid Login Test *****
2023-03-09 17:09:45,654 : INFO : test_invalid_login : ***** Invalid Login test is passed *****
2023-03-09 17:14:48,771 : INFO : test_invalid_login : ***** Verifying Invalid Login Test *****
2023-03-09 21:26:56,178 : INFO : test_valid_login : ***** Verifying Login Test *****
2023-03-09 21:27:38,734 : INFO : test_valid_login : ***** Login test is passed *****
2023-03-09 21:28:48,326 : INFO : test_valid_login : ***** Verifying Login Test *****
2023-03-09 21:29:29,139 : INFO : test_valid_login : ***** Verifying Login Test *****
2023-03-09 21:30:23,655 : INFO : test_valid_login : ***** Login test is passed *****
2023-03-09 21:39:55,399 : INFO : test_valid_login : ***** Verifying Login Test *****
2023-03-09 21:42:13,141 : INFO : test_valid_login : ***** Verifying Login Test *****
2023-03-09 21:43:14,602 : INFO : test_valid_login : ***** Verifying Login Test *****
2023-03-09 21:46:07,805 : INFO : test_loginPageTitle : ***** Test_001_Login *****
2023-03-09 21:46:07,805 : INFO : test_loginPageTitle : ***** Verifying Login Page Title *****
2023-03-09 21:46:44,938 : INFO : test_loginPageTitle : ***** Test_001_Login *****
2023-03-09 21:46:44,938 : INFO : test_loginPageTitle : ***** Verifying Login Page Title *****
2023-03-09 21:48:52,493 : INFO : test_loginPageTitle : ***** Test_001_Login *****
2023-03-09 21:48:52,493 : INFO : test_loginPageTitle : ***** Verifying Login Page Title *****
2023-03-09 21:50:15,065 : INFO : test_loginPageTitle : ***** Test_001_Login *****
2023-03-09 21:50:15,066 : INFO : test_loginPageTitle : ***** Verifying Login Page Title *****
2023-03-09 21:50:52,395 : INFO : test_loginPageTitle : ***** Test_001_Login *****
2023-03-09 21:50:52,396 : INFO : test_loginPageTitle : ***** Verifying Login Page Title *****
2023-03-09 21:53:09,115 : INFO : test_loginPageTitle : ***** Test_001_Login *****
2023-03-09 21:53:09,116 : INFO : test_loginPageTitle : ***** Verifying Login Page Title *****
2023-03-09 21:53:09,150 : INFO : test_loginPageTitle : ***** Login page test is passed *****
2023-03-09 21:53:41,906 : INFO : test_loginPageTitle : ***** Test_001_Login *****
2023-03-09 21:53:41,906 : INFO : test_loginPageTitle : ***** Verifying Login Page Title *****
2023-03-09 21:53:41,953 : INFO : test_loginPageTitle : ***** Login page test is passed *****
2023-03-09 21:53:41,954 : INFO : test_valid_login : ***** Verifying Login Test *****
2023-03-09 21:54:09,594 : INFO : test_valid_login : ***** Login test is passed *****
2023-03-09 21:54:39,221 : INFO : test_loginPageTitle : ***** Test_001_Login *****
2023-03-09 21:54:39,221 : INFO : test_loginPageTitle : ***** Verifying Login Page Title *****
2023-03-09 21:54:39,241 : INFO : test_loginPageTitle : ***** Login page test is passed *****
2023-03-09 21:54:39,246 : INFO : test_valid_login : ***** Verifying Login Test *****
2023-03-09 21:54:58,974 : INFO : test_valid_login : ***** Login test is passed *****
2023-03-09 21:58:42,863 : INFO : test_loginPageTitle : ***** Test_001_Login *****
2023-03-09 21:58:42,865 : INFO : test_loginPageTitle : ***** Verifying Login Page Title *****
2023-03-09 21:58:42,894 : INFO : test_loginPageTitle : ***** Login page test is passed *****
2023-03-09 21:58:42,896 : INFO : test_valid_login : ***** Verifying Login Test *****
2023-03-09 21:59:01,365 : INFO : test_valid_login : ***** Login test is passed *****
